[debug] [2025-06-06T05:11:25.505Z] ----------------------------------------------------------------------
[debug] [2025-06-06T05:11:25.508Z] Command:       C:\Program Files\nodejs\node.exe C:\Users\hayde\AppData\Roaming\npm\node_modules\firebase-tools\lib\bin\firebase.js init
[debug] [2025-06-06T05:11:25.509Z] CLI Version:   14.6.0
[debug] [2025-06-06T05:11:25.509Z] Platform:      win32
[debug] [2025-06-06T05:11:25.509Z] Node Version:  v22.16.0
[debug] [2025-06-06T05:11:25.510Z] Time:          Fri Jun 06 2025 15:11:25 GMT+1000 (Australian Eastern Standard Time)
[debug] [2025-06-06T05:11:25.510Z] ----------------------------------------------------------------------
[debug] 
[debug] [2025-06-06T05:11:25.517Z] > command requires scopes: ["email","openid","https://www.googleapis.com/auth/cloudplatformprojects.readonly","https://www.googleapis.com/auth/firebase","https://www.googleapis.com/auth/cloud-platform"]
[debug] [2025-06-06T05:11:25.518Z] > authorizing via signed-in user (haydenjones542@gmail.com)
[info] 
     ######## #### ########  ######## ########     ###     ######  ########
     ##        ##  ##     ## ##       ##     ##  ##   ##  ##       ##
     ######    ##  ########  ######   ########  #########  ######  ######
     ##        ##  ##    ##  ##       ##     ## ##     ##       ## ##
     ##       #### ##     ## ######## ########  ##     ##  ######  ########

You're about to initialize a Firebase project in this directory:

  C:\Users\hayde\Documents\GitHub\Portfolio\_projects\flappy saga

[info] 
=== Project Setup
[info] 
[info] First, let's associate this project directory with a Firebase project.
[info] You can create multiple project aliases by running firebase use --add, 
[info] but for now we'll just set up a default project.
[info] 
[debug] [2025-06-06T05:12:45.570Z] Checked if tokens are valid: true, expires at: 1749190246412
[debug] [2025-06-06T05:12:45.570Z] Checked if tokens are valid: true, expires at: 1749190246412
[debug] [2025-06-06T05:12:45.571Z] >>> [apiv2][query] GET https://firebase.googleapis.com/v1beta1/projects pageSize=100
[debug] [2025-06-06T05:12:46.233Z] <<< [apiv2][status] GET https://firebase.googleapis.com/v1beta1/projects 200
[debug] [2025-06-06T05:12:46.233Z] <<< [apiv2][body] GET https://firebase.googleapis.com/v1beta1/projects [omitted]
[info] i  Using project flappy-ball-2-leaderboard (flappy-ball-2 leaderboard) 
[info] 
=== Hosting Setup
[debug] [2025-06-06T05:12:47.656Z] Checked if tokens are valid: true, expires at: 1749190246412
[debug] [2025-06-06T05:12:47.656Z] Checked if tokens are valid: true, expires at: 1749190246412
[debug] [2025-06-06T05:12:47.656Z] >>> [apiv2][query] GET https://firebase.googleapis.com/v1beta1/projects/flappy-ball-2-leaderboard [none]
[debug] [2025-06-06T05:12:48.048Z] <<< [apiv2][status] GET https://firebase.googleapis.com/v1beta1/projects/flappy-ball-2-leaderboard 200
[debug] [2025-06-06T05:12:48.048Z] <<< [apiv2][body] GET https://firebase.googleapis.com/v1beta1/projects/flappy-ball-2-leaderboard {"projectId":"flappy-ball-2-leaderboard","projectNumber":"678584043682","displayName":"flappy-ball-2 leaderboard","name":"projects/flappy-ball-2-leaderboard","resources":{"hostingSite":"flappy-ball-2-leaderboard"},"state":"ACTIVE","etag":"1_2b7487a2-f76e-47e8-8548-2870cb21bcbd"}
[info] 
[info] Your public directory is the folder (relative to your project directory) that
[info] will contain Hosting assets to be uploaded with firebase deploy. If you
[info] have a build process for your assets, use your build's output directory.
[info] 
[debug] [2025-06-06T05:13:21.219Z] >>> [apiv2][query] GET https://www.gstatic.com/firebasejs/releases.json [none]
[debug] [2025-06-06T05:13:21.469Z] <<< [apiv2][status] GET https://www.gstatic.com/firebasejs/releases.json 200
[debug] [2025-06-06T05:13:21.470Z] <<< [apiv2][body] GET https://www.gstatic.com/firebasejs/releases.json {"current":{"version":"11.9.0","browserURL":"https://www.gstatic.com/firebasejs/11.9.0/firebase.js","packageURL":"https://www.gstatic.com/firebasejs/11.9.0/firebase.tgz"},"live":{"version":"11.9","browserURL":"https://www.gstatic.com/firebasejs/live/11.9/firebase.js","packageURL":"https://www.gstatic.com/firebasejs/live/11.9/firebase.tgz"},"components":{"ai":"https://www.gstatic.com/firebasejs/11.9.0/firebase-ai.js","analytics":"https://www.gstatic.com/firebasejs/11.9.0/firebase-analytics.js","app":"https://www.gstatic.com/firebasejs/11.9.0/firebase-app.js","app-check":"https://www.gstatic.com/firebasejs/11.9.0/firebase-app-check.js","auth":"https://www.gstatic.com/firebasejs/11.9.0/firebase-auth.js","auth/cordova":"https://www.gstatic.com/firebasejs/11.9.0/firebase-auth/cordova.js","auth/web-extension":"https://www.gstatic.com/firebasejs/11.9.0/firebase-auth/web-extension.js","functions":"https://www.gstatic.com/firebasejs/11.9.0/firebase-functions.js","firestore":"https://www.gstatic.com/firebasejs/11.9.0/firebase-firestore.js","firestore/lite":"https://www.gstatic.com/firebasejs/11.9.0/firebase-firestore/lite.js","installations":"https://www.gstatic.com/firebasejs/11.9.0/firebase-installations.js","storage":"https://www.gstatic.com/firebasejs/11.9.0/firebase-storage.js","performance":"https://www.gstatic.com/firebasejs/11.9.0/firebase-performance.js","remote-config":"https://www.gstatic.com/firebasejs/11.9.0/firebase-remote-config.js","messaging":"https://www.gstatic.com/firebasejs/11.9.0/firebase-messaging.js","messaging/sw":"https://www.gstatic.com/firebasejs/11.9.0/firebase-messaging/sw.js","database":"https://www.gstatic.com/firebasejs/11.9.0/firebase-database.js","vertexai":"https://www.gstatic.com/firebasejs/11.9.0/firebase-vertexai.js","data-connect":"https://www.gstatic.com/firebasejs/11.9.0/firebase-data-connect.js","firestore.memory":"https://www.gstatic.com/firebasejs/11.9.0/firebase-firestore.memory.js"}}
[info] +  Wrote public/index.html 
[info] 
[info] i  Detected a .git folder at C:\Users\hayde\Documents\GitHub\Portfolio 
[info] i  Authorizing with GitHub to upload your service account to a GitHub repository's secrets store. 
[info] 
[info] Visit this URL on this device to log in:
[info] https://github.com/login/oauth/authorize?client_id=89cf50f02ac6aaed3484&state=878797151&redirect_uri=http%3A%2F%2Flocalhost%3A9005&scope=read%3Auser%20repo%20public_repo
[info] 
[info] Waiting for authentication...
[debug] [2025-06-06T05:13:28.441Z] >>> [apiv2][query] POST https://github.com/login/oauth/access_token [none]
[debug] [2025-06-06T05:13:28.441Z] >>> [apiv2][body] POST https://github.com/login/oauth/access_token [stream]
[debug] [2025-06-06T05:13:28.808Z] <<< [apiv2][status] POST https://github.com/login/oauth/access_token 200
[debug] [2025-06-06T05:13:28.808Z] <<< [apiv2][body] POST https://github.com/login/oauth/access_token {"access_token":"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","token_type":"bearer","scope":"read:user,repo"}
[debug] [2025-06-06T05:13:28.812Z] >>> [apiv2][query] GET https://api.github.com/user [none]
[debug] [2025-06-06T05:13:29.185Z] <<< [apiv2][status] GET https://api.github.com/user 200
[debug] [2025-06-06T05:13:29.186Z] <<< [apiv2][body] GET https://api.github.com/user {"login":"Coolpool2002","id":177541716,"node_id":"U_kgDOCpUSVA","avatar_url":"https://avatars.githubusercontent.com/u/177541716?v=4","gravatar_id":"","url":"https://api.github.com/users/Coolpool2002","html_url":"https://github.com/Coolpool2002","followers_url":"https://api.github.com/users/Coolpool2002/followers","following_url":"https://api.github.com/users/Coolpool2002/following{/other_user}","gists_url":"https://api.github.com/users/Coolpool2002/gists{/gist_id}","starred_url":"https://api.github.com/users/Coolpool2002/starred{/owner}{/repo}","subscriptions_url":"https://api.github.com/users/Coolpool2002/subscriptions","organizations_url":"https://api.github.com/users/Coolpool2002/orgs","repos_url":"https://api.github.com/users/Coolpool2002/repos","events_url":"https://api.github.com/users/Coolpool2002/events{/privacy}","received_events_url":"https://api.github.com/users/Coolpool2002/received_events","type":"User","user_view_type":"private","site_admin":false,"name":"Hayden Jones","company":null,"blog":"","location":"sydney","email":"haydenjones542@gmail.com","hireable":null,"bio":"aspiring mad scientist","twitter_username":null,"notification_email":"haydenjones542@gmail.com","public_repos":2,"public_gists":0,"followers":0,"following":1,"created_at":"2024-08-05T13:05:40Z","updated_at":"2025-06-06T02:49:25Z","private_gists":0,"total_private_repos":0,"owned_private_repos":0,"disk_usage":6911,"collaborators":0,"two_factor_authentication":false,"plan":{"name":"free","space":976562499,"collaborators":0,"private_repos":10000}}
[info] 
[info] +  Success! Logged into GitHub as Coolpool2002 
[info] 
[debug] [2025-06-06T05:13:44.301Z] >>> [apiv2][query] GET https://api.github.com/repos//actions/secrets/public-key type=owner
[debug] [2025-06-06T05:13:44.589Z] <<< [apiv2][status] GET https://api.github.com/repos//actions/secrets/public-key 404
[debug] [2025-06-06T05:13:44.589Z] <<< [apiv2][body] GET https://api.github.com/repos//actions/secrets/public-key {"message":"Not Found","documentation_url":"https://docs.github.com/rest","status":"404"}
[info] 
[info] 
[error] !  The provided authorization cannot be used with this repository. If this repository is in an organization, did you remember to grant access? 
[info] 
[info] i  Action required: Visit this URL to ensure access has been granted to the appropriate organization(s) for the Firebase CLI GitHub OAuth App: 
[info] https://github.com/settings/connections/applications/89cf50f02ac6aaed3484
[info] 
[debug] [2025-06-06T05:14:31.845Z] >>> [apiv2][query] GET https://api.github.com/repos//actions/secrets/public-key type=owner
[debug] [2025-06-06T05:14:32.131Z] <<< [apiv2][status] GET https://api.github.com/repos//actions/secrets/public-key 404
[debug] [2025-06-06T05:14:32.131Z] <<< [apiv2][body] GET https://api.github.com/repos//actions/secrets/public-key {"message":"Not Found","documentation_url":"https://docs.github.com/rest","status":"404"}
[info] 
[info] 
[error] !  The provided authorization cannot be used with this repository. If this repository is in an organization, did you remember to grant access? 
[info] 
[info] i  Action required: Visit this URL to ensure access has been granted to the appropriate organization(s) for the Firebase CLI GitHub OAuth App: 
[info] https://github.com/settings/connections/applications/89cf50f02ac6aaed3484
[info] 
[debug] [2025-06-06T05:14:32.317Z] >>> [apiv2][query] GET https://api.github.com/repos//actions/secrets/public-key type=owner
[debug] [2025-06-06T05:14:32.564Z] <<< [apiv2][status] GET https://api.github.com/repos//actions/secrets/public-key 404
[debug] [2025-06-06T05:14:32.564Z] <<< [apiv2][body] GET https://api.github.com/repos//actions/secrets/public-key {"message":"Not Found","documentation_url":"https://docs.github.com/rest","status":"404"}
[info] 
[info] 
[error] !  The provided authorization cannot be used with this repository. If this repository is in an organization, did you remember to grant access? 
[info] 
[info] i  Action required: Visit this URL to ensure access has been granted to the appropriate organization(s) for the Firebase CLI GitHub OAuth App: 
[info] https://github.com/settings/connections/applications/89cf50f02ac6aaed3484
[info] 
[debug] [2025-06-06T05:18:18.219Z] >>> [apiv2][query] GET https://api.github.com/repos/flappy/actions/secrets/public-key type=owner
[debug] [2025-06-06T05:18:18.524Z] <<< [apiv2][status] GET https://api.github.com/repos/flappy/actions/secrets/public-key 404
[debug] [2025-06-06T05:18:18.524Z] <<< [apiv2][body] GET https://api.github.com/repos/flappy/actions/secrets/public-key {"message":"Not Found","documentation_url":"https://docs.github.com/rest","status":"404"}
[info] 
[info] 
[error] !  The provided authorization cannot be used with this repository. If this repository is in an organization, did you remember to grant access? 
[info] 
[info] i  Action required: Visit this URL to ensure access has been granted to the appropriate organization(s) for the Firebase CLI GitHub OAuth App: 
[info] https://github.com/settings/connections/applications/89cf50f02ac6aaed3484
[info] 
